==34760== Memcheck, a memory error detector
==34760== Copyright (C) 2002-2022, and GNU GPL'd, by Julian Seward et al.
==34760== Using Valgrind-3.22.0.GIT-lbmacos and LibVEX; rerun with -h for copyright info
==34760== Command: ./a.out map8.ber
==34760== Parent PID: 86036
==34760== 
==34760== 
==34760== HEAP SUMMARY:
==34760==     in use at exit: 1,405,079 bytes in 817 blocks
==34760==   total heap usage: 1,059 allocs, 242 frees, 3,166,686 bytes allocated
==34760== 
==34760== LEAK SUMMARY:
==34760==    definitely lost: 48 bytes in 1 blocks
==34760==    indirectly lost: 95 bytes in 5 blocks
==34760==      possibly lost: 5,872 bytes in 135 blocks
==34760==    still reachable: 19,572 bytes in 207 blocks
==34760==         suppressed: 1,379,492 bytes in 469 blocks
==34760== Rerun with --leak-check=full to see details of leaked memory
==34760== 
==34760== For lists of detected and suppressed errors, rerun with: -s
==34760== ERROR SUMMARY: 0 errors from 0 contexts (suppressed: 53 from 4)
